  ProyectoFinal.cpp
C:\Users\star_\OneDrive - UNIVERSIDAD NACIONAL AUTÓNOMA DE MÉXICO\Lab Compu grafica\Repositorio\316017697_Proyecto_Gpo12\ProyectoFinal\ProyectoFinal\ProyectoFinal.cpp(82,32): warning C4305: 'inicializando': truncamiento de 'double' a 'float'
C:\Users\star_\OneDrive - UNIVERSIDAD NACIONAL AUTÓNOMA DE MÉXICO\Lab Compu grafica\Repositorio\316017697_Proyecto_Gpo12\ProyectoFinal\ProyectoFinal\ProyectoFinal.cpp(82,47): warning C4305: 'inicializando': truncamiento de 'double' a 'float'
C:\Users\star_\OneDrive - UNIVERSIDAD NACIONAL AUTÓNOMA DE MÉXICO\Lab Compu grafica\Repositorio\316017697_Proyecto_Gpo12\ProyectoFinal\ProyectoFinal\ProyectoFinal.cpp(242,30): warning C4244: 'inicializando': conversión de 'double' a 'GLfloat'; posible pérdida de datos
C:\Users\star_\OneDrive - UNIVERSIDAD NACIONAL AUTÓNOMA DE MÉXICO\Lab Compu grafica\Repositorio\316017697_Proyecto_Gpo12\ProyectoFinal\ProyectoFinal\ProyectoFinal.cpp(276,28): warning C4244: '=': conversión de 'double' a 'T'; posible pérdida de datos
          with
          [
              T=float
          ]
C:\Users\star_\OneDrive - UNIVERSIDAD NACIONAL AUTÓNOMA DE MÉXICO\Lab Compu grafica\Repositorio\316017697_Proyecto_Gpo12\ProyectoFinal\ProyectoFinal\ProyectoFinal.cpp(277,28): warning C4244: '=': conversión de 'double' a 'T'; posible pérdida de datos
          with
          [
              T=float
          ]
C:\Users\star_\OneDrive - UNIVERSIDAD NACIONAL AUTÓNOMA DE MÉXICO\Lab Compu grafica\Repositorio\316017697_Proyecto_Gpo12\ProyectoFinal\ProyectoFinal\ProyectoFinal.cpp(278,28): warning C4244: '=': conversión de 'double' a 'T'; posible pérdida de datos
          with
          [
              T=float
          ]
C:\Users\star_\OneDrive - UNIVERSIDAD NACIONAL AUTÓNOMA DE MÉXICO\Lab Compu grafica\Repositorio\316017697_Proyecto_Gpo12\ProyectoFinal\ProyectoFinal\ProyectoFinal.cpp(512,98): warning C4305: 'argumento': truncamiento de 'double' a 'GLfloat'
C:\Users\star_\OneDrive - UNIVERSIDAD NACIONAL AUTÓNOMA DE MÉXICO\Lab Compu grafica\Repositorio\316017697_Proyecto_Gpo12\ProyectoFinal\ProyectoFinal\ProyectoFinal.cpp(524,101): warning C4305: 'argumento': truncamiento de 'double' a 'GLfloat'
C:\Users\star_\OneDrive - UNIVERSIDAD NACIONAL AUTÓNOMA DE MÉXICO\Lab Compu grafica\Repositorio\316017697_Proyecto_Gpo12\ProyectoFinal\ProyectoFinal\ProyectoFinal.cpp(624,29): warning C4305: '+=': truncamiento de 'double' a 'float'
C:\Users\star_\OneDrive - UNIVERSIDAD NACIONAL AUTÓNOMA DE MÉXICO\Lab Compu grafica\Repositorio\316017697_Proyecto_Gpo12\ProyectoFinal\ProyectoFinal\ProyectoFinal.cpp(625,29): warning C4305: '+=': truncamiento de 'double' a 'float'
C:\Users\star_\OneDrive - UNIVERSIDAD NACIONAL AUTÓNOMA DE MÉXICO\Lab Compu grafica\Repositorio\316017697_Proyecto_Gpo12\ProyectoFinal\ProyectoFinal\ProyectoFinal.cpp(626,29): warning C4305: '+=': truncamiento de 'double' a 'float'
C:\Users\star_\OneDrive - UNIVERSIDAD NACIONAL AUTÓNOMA DE MÉXICO\Lab Compu grafica\Repositorio\316017697_Proyecto_Gpo12\ProyectoFinal\ProyectoFinal\ProyectoFinal.cpp(633,29): warning C4305: '-=': truncamiento de 'double' a 'float'
C:\Users\star_\OneDrive - UNIVERSIDAD NACIONAL AUTÓNOMA DE MÉXICO\Lab Compu grafica\Repositorio\316017697_Proyecto_Gpo12\ProyectoFinal\ProyectoFinal\ProyectoFinal.cpp(634,29): warning C4305: '-=': truncamiento de 'double' a 'float'
C:\Users\star_\OneDrive - UNIVERSIDAD NACIONAL AUTÓNOMA DE MÉXICO\Lab Compu grafica\Repositorio\316017697_Proyecto_Gpo12\ProyectoFinal\ProyectoFinal\ProyectoFinal.cpp(635,29): warning C4305: '-=': truncamiento de 'double' a 'float'
C:\Users\star_\OneDrive - UNIVERSIDAD NACIONAL AUTÓNOMA DE MÉXICO\Lab Compu grafica\Repositorio\316017697_Proyecto_Gpo12\ProyectoFinal\ProyectoFinal\ProyectoFinal.cpp(675,23): warning C4305: '+=': truncamiento de 'double' a 'float'
C:\Users\star_\OneDrive - UNIVERSIDAD NACIONAL AUTÓNOMA DE MÉXICO\Lab Compu grafica\Repositorio\316017697_Proyecto_Gpo12\ProyectoFinal\ProyectoFinal\ProyectoFinal.cpp(676,23): warning C4305: '-=': truncamiento de 'double' a 'float'
C:\Users\star_\OneDrive - UNIVERSIDAD NACIONAL AUTÓNOMA DE MÉXICO\Lab Compu grafica\Repositorio\316017697_Proyecto_Gpo12\ProyectoFinal\ProyectoFinal\ProyectoFinal.cpp(677,23): warning C4305: '-=': truncamiento de 'double' a 'float'
C:\Users\star_\OneDrive - UNIVERSIDAD NACIONAL AUTÓNOMA DE MÉXICO\Lab Compu grafica\Repositorio\316017697_Proyecto_Gpo12\ProyectoFinal\ProyectoFinal\ProyectoFinal.cpp(681,23): warning C4305: '-=': truncamiento de 'double' a 'float'
C:\Users\star_\OneDrive - UNIVERSIDAD NACIONAL AUTÓNOMA DE MÉXICO\Lab Compu grafica\Repositorio\316017697_Proyecto_Gpo12\ProyectoFinal\ProyectoFinal\ProyectoFinal.cpp(682,23): warning C4305: '+=': truncamiento de 'double' a 'float'
C:\Users\star_\OneDrive - UNIVERSIDAD NACIONAL AUTÓNOMA DE MÉXICO\Lab Compu grafica\Repositorio\316017697_Proyecto_Gpo12\ProyectoFinal\ProyectoFinal\ProyectoFinal.cpp(683,23): warning C4305: '+=': truncamiento de 'double' a 'float'
C:\Users\star_\OneDrive - UNIVERSIDAD NACIONAL AUTÓNOMA DE MÉXICO\Lab Compu grafica\Repositorio\316017697_Proyecto_Gpo12\ProyectoFinal\ProyectoFinal\ProyectoFinal.cpp(689,25): warning C4305: '+=': truncamiento de 'double' a 'float'
C:\Users\star_\OneDrive - UNIVERSIDAD NACIONAL AUTÓNOMA DE MÉXICO\Lab Compu grafica\Repositorio\316017697_Proyecto_Gpo12\ProyectoFinal\ProyectoFinal\ProyectoFinal.cpp(691,25): warning C4305: '+=': truncamiento de 'double' a 'float'
C:\Users\star_\OneDrive - UNIVERSIDAD NACIONAL AUTÓNOMA DE MÉXICO\Lab Compu grafica\Repositorio\316017697_Proyecto_Gpo12\ProyectoFinal\ProyectoFinal\ProyectoFinal.cpp(692,25): warning C4305: '+=': truncamiento de 'double' a 'float'
C:\Users\star_\OneDrive - UNIVERSIDAD NACIONAL AUTÓNOMA DE MÉXICO\Lab Compu grafica\Repositorio\316017697_Proyecto_Gpo12\ProyectoFinal\ProyectoFinal\ProyectoFinal.cpp(694,25): warning C4305: '+=': truncamiento de 'double' a 'float'
C:\Users\star_\OneDrive - UNIVERSIDAD NACIONAL AUTÓNOMA DE MÉXICO\Lab Compu grafica\Repositorio\316017697_Proyecto_Gpo12\ProyectoFinal\ProyectoFinal\ProyectoFinal.cpp(695,25): warning C4305: '+=': truncamiento de 'double' a 'float'
C:\Users\star_\OneDrive - UNIVERSIDAD NACIONAL AUTÓNOMA DE MÉXICO\Lab Compu grafica\Repositorio\316017697_Proyecto_Gpo12\ProyectoFinal\ProyectoFinal\ProyectoFinal.cpp(696,25): warning C4305: '+=': truncamiento de 'double' a 'float'
C:\Users\star_\OneDrive - UNIVERSIDAD NACIONAL AUTÓNOMA DE MÉXICO\Lab Compu grafica\Repositorio\316017697_Proyecto_Gpo12\ProyectoFinal\ProyectoFinal\ProyectoFinal.cpp(702,25): warning C4305: '-=': truncamiento de 'double' a 'float'
C:\Users\star_\OneDrive - UNIVERSIDAD NACIONAL AUTÓNOMA DE MÉXICO\Lab Compu grafica\Repositorio\316017697_Proyecto_Gpo12\ProyectoFinal\ProyectoFinal\ProyectoFinal.cpp(703,25): warning C4305: '-=': truncamiento de 'double' a 'float'
C:\Users\star_\OneDrive - UNIVERSIDAD NACIONAL AUTÓNOMA DE MÉXICO\Lab Compu grafica\Repositorio\316017697_Proyecto_Gpo12\ProyectoFinal\ProyectoFinal\ProyectoFinal.cpp(704,25): warning C4305: '-=': truncamiento de 'double' a 'float'
C:\Users\star_\OneDrive - UNIVERSIDAD NACIONAL AUTÓNOMA DE MÉXICO\Lab Compu grafica\Repositorio\316017697_Proyecto_Gpo12\ProyectoFinal\ProyectoFinal\ProyectoFinal.cpp(708,25): warning C4305: '-=': truncamiento de 'double' a 'float'
C:\Users\star_\OneDrive - UNIVERSIDAD NACIONAL AUTÓNOMA DE MÉXICO\Lab Compu grafica\Repositorio\316017697_Proyecto_Gpo12\ProyectoFinal\ProyectoFinal\ProyectoFinal.cpp(709,25): warning C4305: '-=': truncamiento de 'double' a 'float'
C:\Users\star_\OneDrive - UNIVERSIDAD NACIONAL AUTÓNOMA DE MÉXICO\Lab Compu grafica\Repositorio\316017697_Proyecto_Gpo12\ProyectoFinal\ProyectoFinal\ProyectoFinal.cpp(712,25): warning C4305: '-=': truncamiento de 'double' a 'float'
C:\Users\star_\OneDrive - UNIVERSIDAD NACIONAL AUTÓNOMA DE MÉXICO\Lab Compu grafica\Repositorio\316017697_Proyecto_Gpo12\ProyectoFinal\ProyectoFinal\ProyectoFinal.cpp(774,17): warning C4244: '=': conversión de 'double' a 'GLfloat'; posible pérdida de datos
C:\Users\star_\OneDrive - UNIVERSIDAD NACIONAL AUTÓNOMA DE MÉXICO\Lab Compu grafica\Repositorio\316017697_Proyecto_Gpo12\ProyectoFinal\ProyectoFinal\ProyectoFinal.cpp(775,17): warning C4244: '=': conversión de 'double' a 'GLfloat'; posible pérdida de datos
C:\Users\star_\OneDrive - UNIVERSIDAD NACIONAL AUTÓNOMA DE MÉXICO\Lab Compu grafica\Repositorio\316017697_Proyecto_Gpo12\ProyectoFinal\ProyectoFinal\ProyectoFinal.cpp(779,21): warning C4244: 'inicializando': conversión de 'double' a 'GLfloat'; posible pérdida de datos
C:\Users\star_\OneDrive - UNIVERSIDAD NACIONAL AUTÓNOMA DE MÉXICO\Lab Compu grafica\Repositorio\316017697_Proyecto_Gpo12\ProyectoFinal\ProyectoFinal\ProyectoFinal.cpp(780,21): warning C4244: 'inicializando': conversión de 'double' a 'GLfloat'; posible pérdida de datos
C:\Users\star_\OneDrive - UNIVERSIDAD NACIONAL AUTÓNOMA DE MÉXICO\Lab Compu grafica\Repositorio\316017697_Proyecto_Gpo12\ProyectoFinal\ProyectoFinal\ProyectoFinal.cpp(782,13): warning C4244: '=': conversión de 'double' a 'GLfloat'; posible pérdida de datos
C:\Users\star_\OneDrive - UNIVERSIDAD NACIONAL AUTÓNOMA DE MÉXICO\Lab Compu grafica\Repositorio\316017697_Proyecto_Gpo12\ProyectoFinal\ProyectoFinal\ProyectoFinal.cpp(783,13): warning C4244: '=': conversión de 'double' a 'GLfloat'; posible pérdida de datos
soil2-debug.lib(SOIL2.obj) : warning LNK4075: se omite '/EDITANDCONTINUE' debido a la especificación '/OPT:ICF'
LINK : warning LNK4098: la biblioteca predeterminada'MSVCRTD' entra en conflicto con otras bibliotecas; use la biblioteca /NODEFAULTLIB:biblioteca
  Generando código
  10 of 612 functions ( 1.6%) were compiled, the rest were copied from previous compilation.
    0 functions were new in current compilation
    16 functions had inline decision re-evaluated but remain unchanged
  Generación de código finalizada
soil2-debug.lib(etc1_utils.obj) : warning LNK4099: no se encontró PDB 'soil2-debug.pdb' con 'soil2-debug.lib(etc1_utils.obj)' o en 'C:\Users\star_\OneDrive - UNIVERSIDAD NACIONAL AUTÓNOMA DE MÉXICO\Lab Compu grafica\Repositorio\316017697_Proyecto_Gpo12\ProyectoFinal\Release\soil2-debug.pdb'; se vinculará el objeto sin tener en cuenta información de depuración
soil2-debug.lib(image_DXT.obj) : warning LNK4099: no se encontró PDB 'soil2-debug.pdb' con 'soil2-debug.lib(image_DXT.obj)' o en 'C:\Users\star_\OneDrive - UNIVERSIDAD NACIONAL AUTÓNOMA DE MÉXICO\Lab Compu grafica\Repositorio\316017697_Proyecto_Gpo12\ProyectoFinal\Release\soil2-debug.pdb'; se vinculará el objeto sin tener en cuenta información de depuración
soil2-debug.lib(image_helper.obj) : warning LNK4099: no se encontró PDB '' con 'soil2-debug.lib(image_helper.obj)' o en ''; se vinculará el objeto sin tener en cuenta información de depuración
soil2-debug.lib(SOIL2.obj) : warning LNK4099: no se encontró PDB 'soil2-debug.pdb' con 'soil2-debug.lib(SOIL2.obj)' o en 'C:\Users\star_\OneDrive - UNIVERSIDAD NACIONAL AUTÓNOMA DE MÉXICO\Lab Compu grafica\Repositorio\316017697_Proyecto_Gpo12\ProyectoFinal\Release\soil2-debug.pdb'; se vinculará el objeto sin tener en cuenta información de depuración
  ProyectoFinal.vcxproj -> C:\Users\star_\OneDrive - UNIVERSIDAD NACIONAL AUTÓNOMA DE MÉXICO\Lab Compu grafica\Repositorio\316017697_Proyecto_Gpo12\ProyectoFinal\Release\ProyectoFinal.exe
