  ProyectoFinal.cpp
C:\Users\star_\OneDrive - UNIVERSIDAD NACIONAL AUTÓNOMA DE MÉXICO\Lab Compu grafica\Repositorio\316017697_Proyecto_Gpo12\ProyectoFinal\ProyectoFinal\ProyectoFinal.cpp(83,32): warning C4305: 'inicializando': truncamiento de 'double' a 'float'
C:\Users\star_\OneDrive - UNIVERSIDAD NACIONAL AUTÓNOMA DE MÉXICO\Lab Compu grafica\Repositorio\316017697_Proyecto_Gpo12\ProyectoFinal\ProyectoFinal\ProyectoFinal.cpp(83,47): warning C4305: 'inicializando': truncamiento de 'double' a 'float'
C:\Users\star_\OneDrive - UNIVERSIDAD NACIONAL AUTÓNOMA DE MÉXICO\Lab Compu grafica\Repositorio\316017697_Proyecto_Gpo12\ProyectoFinal\ProyectoFinal\ProyectoFinal.cpp(257,30): warning C4244: 'inicializando': conversión de 'double' a 'GLfloat'; posible pérdida de datos
C:\Users\star_\OneDrive - UNIVERSIDAD NACIONAL AUTÓNOMA DE MÉXICO\Lab Compu grafica\Repositorio\316017697_Proyecto_Gpo12\ProyectoFinal\ProyectoFinal\ProyectoFinal.cpp(291,28): warning C4244: '=': conversión de 'double' a 'T'; posible pérdida de datos
          with
          [
              T=float
          ]
C:\Users\star_\OneDrive - UNIVERSIDAD NACIONAL AUTÓNOMA DE MÉXICO\Lab Compu grafica\Repositorio\316017697_Proyecto_Gpo12\ProyectoFinal\ProyectoFinal\ProyectoFinal.cpp(292,28): warning C4244: '=': conversión de 'double' a 'T'; posible pérdida de datos
          with
          [
              T=float
          ]
C:\Users\star_\OneDrive - UNIVERSIDAD NACIONAL AUTÓNOMA DE MÉXICO\Lab Compu grafica\Repositorio\316017697_Proyecto_Gpo12\ProyectoFinal\ProyectoFinal\ProyectoFinal.cpp(293,28): warning C4244: '=': conversión de 'double' a 'T'; posible pérdida de datos
          with
          [
              T=float
          ]
C:\Users\star_\OneDrive - UNIVERSIDAD NACIONAL AUTÓNOMA DE MÉXICO\Lab Compu grafica\Repositorio\316017697_Proyecto_Gpo12\ProyectoFinal\ProyectoFinal\ProyectoFinal.cpp(572,98): warning C4305: 'argumento': truncamiento de 'double' a 'GLfloat'
C:\Users\star_\OneDrive - UNIVERSIDAD NACIONAL AUTÓNOMA DE MÉXICO\Lab Compu grafica\Repositorio\316017697_Proyecto_Gpo12\ProyectoFinal\ProyectoFinal\ProyectoFinal.cpp(585,101): warning C4305: 'argumento': truncamiento de 'double' a 'GLfloat'
C:\Users\star_\OneDrive - UNIVERSIDAD NACIONAL AUTÓNOMA DE MÉXICO\Lab Compu grafica\Repositorio\316017697_Proyecto_Gpo12\ProyectoFinal\ProyectoFinal\ProyectoFinal.cpp(685,29): warning C4305: '+=': truncamiento de 'double' a 'float'
C:\Users\star_\OneDrive - UNIVERSIDAD NACIONAL AUTÓNOMA DE MÉXICO\Lab Compu grafica\Repositorio\316017697_Proyecto_Gpo12\ProyectoFinal\ProyectoFinal\ProyectoFinal.cpp(686,29): warning C4305: '+=': truncamiento de 'double' a 'float'
C:\Users\star_\OneDrive - UNIVERSIDAD NACIONAL AUTÓNOMA DE MÉXICO\Lab Compu grafica\Repositorio\316017697_Proyecto_Gpo12\ProyectoFinal\ProyectoFinal\ProyectoFinal.cpp(687,29): warning C4305: '+=': truncamiento de 'double' a 'float'
C:\Users\star_\OneDrive - UNIVERSIDAD NACIONAL AUTÓNOMA DE MÉXICO\Lab Compu grafica\Repositorio\316017697_Proyecto_Gpo12\ProyectoFinal\ProyectoFinal\ProyectoFinal.cpp(694,29): warning C4305: '-=': truncamiento de 'double' a 'float'
C:\Users\star_\OneDrive - UNIVERSIDAD NACIONAL AUTÓNOMA DE MÉXICO\Lab Compu grafica\Repositorio\316017697_Proyecto_Gpo12\ProyectoFinal\ProyectoFinal\ProyectoFinal.cpp(695,29): warning C4305: '-=': truncamiento de 'double' a 'float'
C:\Users\star_\OneDrive - UNIVERSIDAD NACIONAL AUTÓNOMA DE MÉXICO\Lab Compu grafica\Repositorio\316017697_Proyecto_Gpo12\ProyectoFinal\ProyectoFinal\ProyectoFinal.cpp(696,29): warning C4305: '-=': truncamiento de 'double' a 'float'
C:\Users\star_\OneDrive - UNIVERSIDAD NACIONAL AUTÓNOMA DE MÉXICO\Lab Compu grafica\Repositorio\316017697_Proyecto_Gpo12\ProyectoFinal\ProyectoFinal\ProyectoFinal.cpp(736,23): warning C4305: '+=': truncamiento de 'double' a 'float'
C:\Users\star_\OneDrive - UNIVERSIDAD NACIONAL AUTÓNOMA DE MÉXICO\Lab Compu grafica\Repositorio\316017697_Proyecto_Gpo12\ProyectoFinal\ProyectoFinal\ProyectoFinal.cpp(737,23): warning C4305: '-=': truncamiento de 'double' a 'float'
C:\Users\star_\OneDrive - UNIVERSIDAD NACIONAL AUTÓNOMA DE MÉXICO\Lab Compu grafica\Repositorio\316017697_Proyecto_Gpo12\ProyectoFinal\ProyectoFinal\ProyectoFinal.cpp(738,23): warning C4305: '-=': truncamiento de 'double' a 'float'
C:\Users\star_\OneDrive - UNIVERSIDAD NACIONAL AUTÓNOMA DE MÉXICO\Lab Compu grafica\Repositorio\316017697_Proyecto_Gpo12\ProyectoFinal\ProyectoFinal\ProyectoFinal.cpp(742,23): warning C4305: '-=': truncamiento de 'double' a 'float'
C:\Users\star_\OneDrive - UNIVERSIDAD NACIONAL AUTÓNOMA DE MÉXICO\Lab Compu grafica\Repositorio\316017697_Proyecto_Gpo12\ProyectoFinal\ProyectoFinal\ProyectoFinal.cpp(743,23): warning C4305: '+=': truncamiento de 'double' a 'float'
C:\Users\star_\OneDrive - UNIVERSIDAD NACIONAL AUTÓNOMA DE MÉXICO\Lab Compu grafica\Repositorio\316017697_Proyecto_Gpo12\ProyectoFinal\ProyectoFinal\ProyectoFinal.cpp(744,23): warning C4305: '+=': truncamiento de 'double' a 'float'
C:\Users\star_\OneDrive - UNIVERSIDAD NACIONAL AUTÓNOMA DE MÉXICO\Lab Compu grafica\Repositorio\316017697_Proyecto_Gpo12\ProyectoFinal\ProyectoFinal\ProyectoFinal.cpp(750,25): warning C4305: '+=': truncamiento de 'double' a 'float'
C:\Users\star_\OneDrive - UNIVERSIDAD NACIONAL AUTÓNOMA DE MÉXICO\Lab Compu grafica\Repositorio\316017697_Proyecto_Gpo12\ProyectoFinal\ProyectoFinal\ProyectoFinal.cpp(752,25): warning C4305: '+=': truncamiento de 'double' a 'float'
C:\Users\star_\OneDrive - UNIVERSIDAD NACIONAL AUTÓNOMA DE MÉXICO\Lab Compu grafica\Repositorio\316017697_Proyecto_Gpo12\ProyectoFinal\ProyectoFinal\ProyectoFinal.cpp(753,25): warning C4305: '+=': truncamiento de 'double' a 'float'
C:\Users\star_\OneDrive - UNIVERSIDAD NACIONAL AUTÓNOMA DE MÉXICO\Lab Compu grafica\Repositorio\316017697_Proyecto_Gpo12\ProyectoFinal\ProyectoFinal\ProyectoFinal.cpp(755,25): warning C4305: '+=': truncamiento de 'double' a 'float'
C:\Users\star_\OneDrive - UNIVERSIDAD NACIONAL AUTÓNOMA DE MÉXICO\Lab Compu grafica\Repositorio\316017697_Proyecto_Gpo12\ProyectoFinal\ProyectoFinal\ProyectoFinal.cpp(756,25): warning C4305: '+=': truncamiento de 'double' a 'float'
C:\Users\star_\OneDrive - UNIVERSIDAD NACIONAL AUTÓNOMA DE MÉXICO\Lab Compu grafica\Repositorio\316017697_Proyecto_Gpo12\ProyectoFinal\ProyectoFinal\ProyectoFinal.cpp(757,25): warning C4305: '+=': truncamiento de 'double' a 'float'
C:\Users\star_\OneDrive - UNIVERSIDAD NACIONAL AUTÓNOMA DE MÉXICO\Lab Compu grafica\Repositorio\316017697_Proyecto_Gpo12\ProyectoFinal\ProyectoFinal\ProyectoFinal.cpp(763,25): warning C4305: '-=': truncamiento de 'double' a 'float'
C:\Users\star_\OneDrive - UNIVERSIDAD NACIONAL AUTÓNOMA DE MÉXICO\Lab Compu grafica\Repositorio\316017697_Proyecto_Gpo12\ProyectoFinal\ProyectoFinal\ProyectoFinal.cpp(764,25): warning C4305: '-=': truncamiento de 'double' a 'float'
C:\Users\star_\OneDrive - UNIVERSIDAD NACIONAL AUTÓNOMA DE MÉXICO\Lab Compu grafica\Repositorio\316017697_Proyecto_Gpo12\ProyectoFinal\ProyectoFinal\ProyectoFinal.cpp(765,25): warning C4305: '-=': truncamiento de 'double' a 'float'
C:\Users\star_\OneDrive - UNIVERSIDAD NACIONAL AUTÓNOMA DE MÉXICO\Lab Compu grafica\Repositorio\316017697_Proyecto_Gpo12\ProyectoFinal\ProyectoFinal\ProyectoFinal.cpp(769,25): warning C4305: '-=': truncamiento de 'double' a 'float'
C:\Users\star_\OneDrive - UNIVERSIDAD NACIONAL AUTÓNOMA DE MÉXICO\Lab Compu grafica\Repositorio\316017697_Proyecto_Gpo12\ProyectoFinal\ProyectoFinal\ProyectoFinal.cpp(770,25): warning C4305: '-=': truncamiento de 'double' a 'float'
C:\Users\star_\OneDrive - UNIVERSIDAD NACIONAL AUTÓNOMA DE MÉXICO\Lab Compu grafica\Repositorio\316017697_Proyecto_Gpo12\ProyectoFinal\ProyectoFinal\ProyectoFinal.cpp(773,25): warning C4305: '-=': truncamiento de 'double' a 'float'
C:\Users\star_\OneDrive - UNIVERSIDAD NACIONAL AUTÓNOMA DE MÉXICO\Lab Compu grafica\Repositorio\316017697_Proyecto_Gpo12\ProyectoFinal\ProyectoFinal\ProyectoFinal.cpp(874,17): warning C4244: '=': conversión de 'double' a 'GLfloat'; posible pérdida de datos
C:\Users\star_\OneDrive - UNIVERSIDAD NACIONAL AUTÓNOMA DE MÉXICO\Lab Compu grafica\Repositorio\316017697_Proyecto_Gpo12\ProyectoFinal\ProyectoFinal\ProyectoFinal.cpp(875,17): warning C4244: '=': conversión de 'double' a 'GLfloat'; posible pérdida de datos
C:\Users\star_\OneDrive - UNIVERSIDAD NACIONAL AUTÓNOMA DE MÉXICO\Lab Compu grafica\Repositorio\316017697_Proyecto_Gpo12\ProyectoFinal\ProyectoFinal\ProyectoFinal.cpp(879,21): warning C4244: 'inicializando': conversión de 'double' a 'GLfloat'; posible pérdida de datos
C:\Users\star_\OneDrive - UNIVERSIDAD NACIONAL AUTÓNOMA DE MÉXICO\Lab Compu grafica\Repositorio\316017697_Proyecto_Gpo12\ProyectoFinal\ProyectoFinal\ProyectoFinal.cpp(880,21): warning C4244: 'inicializando': conversión de 'double' a 'GLfloat'; posible pérdida de datos
C:\Users\star_\OneDrive - UNIVERSIDAD NACIONAL AUTÓNOMA DE MÉXICO\Lab Compu grafica\Repositorio\316017697_Proyecto_Gpo12\ProyectoFinal\ProyectoFinal\ProyectoFinal.cpp(882,13): warning C4244: '=': conversión de 'double' a 'GLfloat'; posible pérdida de datos
C:\Users\star_\OneDrive - UNIVERSIDAD NACIONAL AUTÓNOMA DE MÉXICO\Lab Compu grafica\Repositorio\316017697_Proyecto_Gpo12\ProyectoFinal\ProyectoFinal\ProyectoFinal.cpp(883,13): warning C4244: '=': conversión de 'double' a 'GLfloat'; posible pérdida de datos
  ProyectoFinal.vcxproj -> C:\Users\star_\OneDrive - UNIVERSIDAD NACIONAL AUTÓNOMA DE MÉXICO\Lab Compu grafica\Repositorio\316017697_Proyecto_Gpo12\ProyectoFinal\Debug\ProyectoFinal.exe
